

Version:	3.50
CmdLine:	D:\intern\Library management system\dist\library.exe --l4j-debug
JNI:		No
WOW64:		Yes
Working dir:	D:\intern\Library management system\dist\.
Requires JDK:	No
Requires 64-Bit: No
Java min ver:	
Java max ver:	
Substitute:	JAVA_HOME = 
Substitute:	PATH = C:\Python312\Scripts\;C:\Python312\;C:\Program Files\Common Files\Oracle\Java\javapath;C:\Windows\system32;C:\Windows;C:\Windows\System32\Wbem;C:\Windows\System32\WindowsPowerShell\v1.0\;C:\Windows\System32\OpenSSH\;C:\Program Files\dotnet\;C:\Program Files\NVIDIA Corporation\NVIDIA NvDLISR;C:\Program Files (x86)\NVIDIA Corporation\PhysX\Common;C:\WINDOWS\system32;C:\WINDOWS;C:\WINDOWS\System32\Wbem;C:\WINDOWS\System32\WindowsPowerShell\v1.0\;C:\WINDOWS\System32\OpenSSH\;C:\Program Files\Git\cmd;C:\Program Files\nodejs\;C:\ProgramData\chocolatey\bin;C:\Program Files\Java\jdk-21\bin;C:\Program Files\apache-maven-3.9.6-bin\apache-maven-3.9.6\bin;C:\Program Files\MySQL\MySQL Shell 8.0\bin\;C:\src\flutter\bin;C:\Users\MSI\AppData\Local\Programs\Python\Python311\Scripts\;C:\Users\MSI\AppData\Local\Programs\Python\Python311\;C:\Users\MSI\AppData\Local\Microsoft\WindowsApps;C:\Users\MSI\AppData\Local\Programs\Microsoft VS Code\bin;C:\Users\MSI\.dotnet\tools;D:\IntelliJ IDEA 2023.2.4\bin;;C:\Users\MSI\AppData\Roaming\npm;C:\Program Files\Git\bin;C:\Program Files\Git\cmd;C:\Program Files (x86)\Inno Setup 6;;C:\Program Files\Java\jdk-21\bin
JRE paths:	;C:\Python312\Scripts\;C:\Python312\;C:\Program Files\Common Files\Oracle\Java\javapath;C:\Windows\system32;C:\Windows;C:\Windows\System32\Wbem;C:\Windows\System32\WindowsPowerShell\v1.0\;C:\Windows\System32\OpenSSH\;C:\Program Files\dotnet\;C:\Program Files\NVIDIA Corporation\NVIDIA NvDLISR;C:\Program Files (x86)\NVIDIA Corporation\PhysX\Common;C:\WINDOWS\system32;C:\WINDOWS;C:\WINDOWS\System32\Wbem;C:\WINDOWS\System32\WindowsPowerShell\v1.0\;C:\WINDOWS\System32\OpenSSH\;C:\Program Files\Git\cmd;C:\Program Files\nodejs\;C:\ProgramData\chocolatey\bin;C:\Program Files\Java\jdk-21\bin;C:\Program Files\apache-maven-3.9.6-bin\apache-maven-3.9.6\bin;C:\Program Files\MySQL\MySQL Shell 8.0\bin\;C:\src\flutter\bin;C:\Users\MSI\AppData\Local\Programs\Python\Python311\Scripts\;C:\Users\MSI\AppData\Local\Programs\Python\Python311\;C:\Users\MSI\AppData\Local\Microsoft\WindowsApps;C:\Users\MSI\AppData\Local\Programs\Microsoft VS Code\bin;C:\Users\MSI\.dotnet\tools;D:\IntelliJ IDEA 2023.2.4\bin;;C:\Users\MSI\AppData\Roaming\npm;C:\Program Files\Git\bin;C:\Program Files\Git\cmd;C:\Program Files (x86)\Inno Setup 6;;C:\Program Files\Java\jdk-21\bin
Check launcher:	C:\Python312\Scripts\bin\javaw.exe (not found)
Check launcher:	C:\Python312\bin\javaw.exe (not found)
Check launcher:	C:\Program Files\Common Files\Oracle\Java\javapath\bin\javaw.exe (not found)
Check launcher:	C:\Windows\system32\bin\javaw.exe (not found)
Check launcher:	C:\Windows\bin\javaw.exe (not found)
Check launcher:	C:\Windows\System32\Wbem\bin\javaw.exe (not found)
Check launcher:	C:\Windows\System32\WindowsPowerShell\v1.0\bin\javaw.exe (not found)
Check launcher:	C:\Windows\System32\OpenSSH\bin\javaw.exe (not found)
Check launcher:	C:\Program Files\dotnet\bin\javaw.exe (not found)
Check launcher:	C:\Program Files\NVIDIA Corporation\NVIDIA NvDLISR\bin\javaw.exe (not found)
Check launcher:	C:\Program Files (x86)\NVIDIA Corporation\PhysX\Common\bin\javaw.exe (not found)
Check launcher:	C:\WINDOWS\system32\bin\javaw.exe (not found)
Check launcher:	C:\WINDOWS\bin\javaw.exe (not found)
Check launcher:	C:\WINDOWS\System32\Wbem\bin\javaw.exe (not found)
Check launcher:	C:\WINDOWS\System32\WindowsPowerShell\v1.0\bin\javaw.exe (not found)
Check launcher:	C:\WINDOWS\System32\OpenSSH\bin\javaw.exe (not found)
Check launcher:	C:\Program Files\Git\cmd\bin\javaw.exe (not found)
Check launcher:	C:\Program Files\nodejs\bin\javaw.exe (not found)
Check launcher:	C:\ProgramData\chocolatey\bin\javaw.exe (not found)
Check launcher:	C:\Program Files\Java\jdk-21\bin\javaw.exe (OK)
Version string: 1.021.000_002 / 64-Bit (OK)
Launcher:	C:\Program Files\Java\jdk-21\bin\javaw.exe
Launcher args:	-jar "D:\intern\Library management system\dist\library.exe"
Args length:	59/32768 chars
Exit code:	0
